TN:
SF:./test/module.spec.js
FN:1,e
FN:1,s
FN:1,(anonymous_3)
FN:1,(anonymous_4)
FN:3,(anonymous_5)
FN:5,(anonymous_6)
FN:7,(anonymous_7)
FN:9,(anonymous_8)
FN:11,(anonymous_9)
FN:13,(anonymous_10)
FN:15,(anonymous_11)
FN:17,(anonymous_12)
FN:19,(anonymous_13)
FN:21,(anonymous_14)
FN:23,(anonymous_15)
FN:25,(anonymous_16)
FN:27,(anonymous_17)
FN:34,(anonymous_18)
FN:39,(anonymous_19)
FN:44,(anonymous_20)
FN:48,(anonymous_21)
FN:52,(anonymous_22)
FNF:22
FNH:10
FNDA:1,e
FNDA:3,s
FNDA:2,(anonymous_3)
FNDA:1,(anonymous_4)
FNDA:0,(anonymous_5)
FNDA:0,(anonymous_6)
FNDA:0,(anonymous_7)
FNDA:0,(anonymous_8)
FNDA:0,(anonymous_9)
FNDA:0,(anonymous_10)
FNDA:0,(anonymous_11)
FNDA:0,(anonymous_12)
FNDA:0,(anonymous_13)
FNDA:0,(anonymous_14)
FNDA:0,(anonymous_15)
FNDA:0,(anonymous_16)
FNDA:1,(anonymous_17)
FNDA:2,(anonymous_18)
FNDA:1,(anonymous_19)
FNDA:1,(anonymous_20)
FNDA:1,(anonymous_21)
FNDA:1,(anonymous_22)
DA:1,3
DA:2,1
DA:4,0
DA:6,0
DA:8,0
DA:10,0
DA:12,0
DA:14,0
DA:16,0
DA:18,0
DA:20,0
DA:22,0
DA:24,0
DA:26,0
DA:30,1
DA:31,1
DA:34,1
DA:35,2
DA:36,2
DA:39,1
DA:40,1
DA:44,1
DA:45,1
DA:48,1
DA:49,1
DA:52,1
DA:53,1
LF:27
LH:15
BRDA:1,1,0,3
BRDA:1,1,1,0
BRDA:1,2,0,1
BRDA:1,2,1,2
BRDA:1,3,0,1
BRDA:1,3,1,1
BRDA:1,4,0,1
BRDA:1,4,1,0
BRDA:1,5,0,1
BRDA:1,5,1,1
BRDA:1,6,0,0
BRDA:1,6,1,0
BRDA:1,7,0,1
BRDA:1,7,1,1
BRDA:1,8,0,1
BRDA:1,8,1,1
BRF:16
BRH:12
end_of_record
TN:
SF:./test/productCtrl.spec.js
FN:1,e
FN:1,s
FN:1,(anonymous_3)
FN:1,(anonymous_4)
FN:7,(anonymous_5)
FN:15,(anonymous_6)
FN:19,(anonymous_7)
FN:23,(anonymous_8)
FN:27,(anonymous_9)
FN:31,(anonymous_10)
FN:37,(anonymous_11)
FN:47,(anonymous_12)
FN:50,(anonymous_13)
FNF:13
FNH:12
FNDA:1,e
FNDA:1,s
FNDA:0,(anonymous_3)
FNDA:1,(anonymous_4)
FNDA:15,(anonymous_5)
FNDA:1,(anonymous_6)
FNDA:1,(anonymous_7)
FNDA:1,(anonymous_8)
FNDA:1,(anonymous_9)
FNDA:1,(anonymous_10)
FNDA:1,(anonymous_11)
FNDA:1,(anonymous_12)
FNDA:1,(anonymous_13)
DA:1,1
DA:3,1
DA:5,1
DA:7,1
DA:8,15
DA:9,15
DA:12,15
DA:15,1
DA:16,1
DA:19,1
DA:20,1
DA:23,1
DA:24,1
DA:27,1
DA:28,1
DA:31,1
DA:32,1
DA:33,1
DA:34,1
DA:37,1
DA:38,1
DA:41,1
DA:42,1
DA:46,1
DA:48,1
DA:51,1
DA:52,1
DA:56,1
LF:28
LH:28
BRDA:1,1,0,1
BRDA:1,1,1,0
BRDA:1,2,0,0
BRDA:1,2,1,1
BRDA:1,3,0,0
BRDA:1,3,1,0
BRDA:1,4,0,0
BRDA:1,4,1,0
BRDA:1,5,0,0
BRDA:1,5,1,0
BRDA:1,6,0,0
BRDA:1,6,1,0
BRDA:1,7,0,0
BRDA:1,7,1,0
BRDA:1,8,0,1
BRDA:1,8,1,1
BRF:16
BRH:4
end_of_record
TN:
SF:./test/productImagesDirective.spec.js
FN:1,e
FN:1,s
FN:1,(anonymous_3)
FN:1,(anonymous_4)
FN:5,(anonymous_5)
FN:10,(anonymous_6)
FNF:6
FNH:5
FNDA:1,e
FNDA:1,s
FNDA:0,(anonymous_3)
FNDA:1,(anonymous_4)
FNDA:15,(anonymous_5)
FNDA:1,(anonymous_6)
DA:1,1
DA:3,1
DA:5,1
DA:6,15
DA:7,15
DA:10,1
DA:11,1
DA:12,1
DA:13,1
LF:9
LH:9
BRDA:1,1,0,1
BRDA:1,1,1,0
BRDA:1,2,0,0
BRDA:1,2,1,1
BRDA:1,3,0,0
BRDA:1,3,1,0
BRDA:1,4,0,0
BRDA:1,4,1,0
BRDA:1,5,0,0
BRDA:1,5,1,0
BRDA:1,6,0,0
BRDA:1,6,1,0
BRDA:1,7,0,0
BRDA:1,7,1,0
BRDA:1,8,0,1
BRDA:1,8,1,1
BRF:16
BRH:4
end_of_record
TN:
SF:./test/productService.spec.js
FN:1,e
FN:1,s
FN:1,(anonymous_3)
FN:1,(anonymous_4)
FN:5,(anonymous_5)
FN:9,(anonymous_6)
FN:14,(anonymous_7)
FN:22,(anonymous_8)
FNF:8
FNH:7
FNDA:1,e
FNDA:1,s
FNDA:0,(anonymous_3)
FNDA:1,(anonymous_4)
FNDA:1,(anonymous_5)
FNDA:1,(anonymous_6)
FNDA:15,(anonymous_7)
FNDA:1,(anonymous_8)
DA:1,1
DA:5,1
DA:6,1
DA:9,1
DA:10,1
DA:14,1
DA:15,15
DA:22,1
DA:23,1
DA:24,1
LF:10
LH:10
BRDA:1,1,0,1
BRDA:1,1,1,0
BRDA:1,2,0,0
BRDA:1,2,1,1
BRDA:1,3,0,0
BRDA:1,3,1,0
BRDA:1,4,0,0
BRDA:1,4,1,0
BRDA:1,5,0,0
BRDA:1,5,1,0
BRDA:1,6,0,0
BRDA:1,6,1,0
BRDA:1,7,0,0
BRDA:1,7,1,0
BRDA:1,8,0,1
BRDA:1,8,1,1
BRF:16
BRH:4
end_of_record
